{"C:\\Users\\Johan\\Desktop\\Compunet 3\\nodejs-velvetroom\\nodejs-velvetroom\\src\\config\\connectionDB.ts": {"path":"C:\\Users\\Johan\\Desktop\\Compunet 3\\nodejs-velvetroom\\nodejs-velvetroom\\src\\config\\connectionDB.ts","statementMap":{"0":{"start":{"line":1,"column":0},"end":{"line":1,"column":32}},"1":{"start":{"line":3,"column":0},"end":{"line":3,"column":22}},"2":{"start":{"line":4,"column":27},"end":{"line":4,"column":54}},"3":{"start":{"line":7,"column":13},"end":{"line":9,"column":42}},"4":{"start":{"line":8,"column":14},"end":{"line":8,"column":61}},"5":{"start":{"line":9,"column":20},"end":{"line":9,"column":40}}},"fnMap":{"0":{"name":"(anonymous_1)","decl":{"start":{"line":8,"column":8},"end":{"line":8,"column":11}},"loc":{"start":{"line":8,"column":14},"end":{"line":8,"column":61}}},"1":{"name":"(anonymous_2)","decl":{"start":{"line":9,"column":9},"end":{"line":9,"column":10}},"loc":{"start":{"line":9,"column":20},"end":{"line":9,"column":40}}}},"branchMap":{"0":{"loc":{"start":{"line":4,"column":27},"end":{"line":4,"column":54}},"type":"binary-expr","locations":[{"start":{"line":4,"column":27},"end":{"line":4,"column":48}},{"start":{"line":4,"column":52},"end":{"line":4,"column":54}}]}},"s":{"0":0,"1":0,"2":0,"3":0,"4":0,"5":0},"f":{"0":0,"1":0},"b":{"0":[0,0]}}
,"C:\\Users\\Johan\\Desktop\\Compunet 3\\nodejs-velvetroom\\nodejs-velvetroom\\src\\controllers\\auth.controller.ts": {"path":"C:\\Users\\Johan\\Desktop\\Compunet 3\\nodejs-velvetroom\\nodejs-velvetroom\\src\\controllers\\auth.controller.ts","statementMap":{"0":{"start":{"line":2,"column":0},"end":{"line":2,"column":55}},"1":{"start":{"line":4,"column":0},"end":{"line":4,"column":49}},"2":{"start":{"line":5,"column":0},"end":{"line":5,"column":28}},"3":{"start":{"line":9,"column":4},"end":{"line":15,"column":5}},"4":{"start":{"line":10,"column":21},"end":{"line":10,"column":72}},"5":{"start":{"line":11,"column":6},"end":{"line":11,"column":23}},"6":{"start":{"line":13,"column":6},"end":{"line":13,"column":99}},"7":{"start":{"line":13,"column":43},"end":{"line":13,"column":99}},"8":{"start":{"line":14,"column":6},"end":{"line":14,"column":65}},"9":{"start":{"line":20,"column":4},"end":{"line":43,"column":5}},"10":{"start":{"line":21,"column":63},"end":{"line":21,"column":71}},"11":{"start":{"line":23,"column":6},"end":{"line":23,"column":99}},"12":{"start":{"line":23,"column":27},"end":{"line":23,"column":99}},"13":{"start":{"line":24,"column":6},"end":{"line":24,"column":119}},"14":{"start":{"line":24,"column":38},"end":{"line":24,"column":119}},"15":{"start":{"line":26,"column":21},"end":{"line":26,"column":55}},"16":{"start":{"line":27,"column":6},"end":{"line":27,"column":82}},"17":{"start":{"line":27,"column":18},"end":{"line":27,"column":82}},"18":{"start":{"line":29,"column":24},"end":{"line":31,"column":22}},"19":{"start":{"line":33,"column":22},"end":{"line":38,"column":8}},"20":{"start":{"line":40,"column":6},"end":{"line":40,"column":135}},"21":{"start":{"line":42,"column":6},"end":{"line":42,"column":65}},"22":{"start":{"line":46,"column":13},"end":{"line":46,"column":51}}},"fnMap":{"0":{"name":"(anonymous_1)","decl":{"start":{"line":8,"column":9},"end":{"line":8,"column":14}},"loc":{"start":{"line":8,"column":48},"end":{"line":16,"column":3}}},"1":{"name":"(anonymous_2)","decl":{"start":{"line":19,"column":9},"end":{"line":19,"column":14}},"loc":{"start":{"line":19,"column":51},"end":{"line":44,"column":3}}}},"branchMap":{"0":{"loc":{"start":{"line":13,"column":6},"end":{"line":13,"column":99}},"type":"if","locations":[{"start":{"line":13,"column":6},"end":{"line":13,"column":99}}]},"1":{"loc":{"start":{"line":23,"column":6},"end":{"line":23,"column":99}},"type":"if","locations":[{"start":{"line":23,"column":6},"end":{"line":23,"column":99}}]},"2":{"loc":{"start":{"line":23,"column":10},"end":{"line":23,"column":25}},"type":"binary-expr","locations":[{"start":{"line":23,"column":10},"end":{"line":23,"column":15}},{"start":{"line":23,"column":19},"end":{"line":23,"column":25}}]},"3":{"loc":{"start":{"line":24,"column":6},"end":{"line":24,"column":119}},"type":"if","locations":[{"start":{"line":24,"column":6},"end":{"line":24,"column":119}}]},"4":{"loc":{"start":{"line":24,"column":10},"end":{"line":24,"column":36}},"type":"binary-expr","locations":[{"start":{"line":24,"column":10},"end":{"line":24,"column":19}},{"start":{"line":24,"column":23},"end":{"line":24,"column":36}}]},"5":{"loc":{"start":{"line":27,"column":6},"end":{"line":27,"column":82}},"type":"if","locations":[{"start":{"line":27,"column":6},"end":{"line":27,"column":82}}]},"6":{"loc":{"start":{"line":29,"column":24},"end":{"line":31,"column":22}},"type":"cond-expr","locations":[{"start":{"line":30,"column":10},"end":{"line":30,"column":41}},{"start":{"line":31,"column":10},"end":{"line":31,"column":22}}]}},"s":{"0":0,"1":0,"2":0,"3":0,"4":0,"5":0,"6":0,"7":0,"8":0,"9":0,"10":0,"11":0,"12":0,"13":0,"14":0,"15":0,"16":0,"17":0,"18":0,"19":0,"20":0,"21":0,"22":0},"f":{"0":0,"1":0},"b":{"0":[0],"1":[0],"2":[0,0],"3":[0],"4":[0,0],"5":[0],"6":[0,0]}}
,"C:\\Users\\Johan\\Desktop\\Compunet 3\\nodejs-velvetroom\\nodejs-velvetroom\\src\\controllers\\category.controller.ts": {"path":"C:\\Users\\Johan\\Desktop\\Compunet 3\\nodejs-velvetroom\\nodejs-velvetroom\\src\\controllers\\category.controller.ts","statementMap":{"0":{"start":{"line":2,"column":0},"end":{"line":2,"column":63}},"1":{"start":{"line":8,"column":21},"end":{"line":8,"column":30}},"2":{"start":{"line":9,"column":24},"end":{"line":9,"column":26}},"3":{"start":{"line":10,"column":4},"end":{"line":10,"column":41}},"4":{"start":{"line":10,"column":14},"end":{"line":10,"column":41}},"5":{"start":{"line":11,"column":17},"end":{"line":11,"column":51}},"6":{"start":{"line":12,"column":4},"end":{"line":12,"column":19}},"7":{"start":{"line":17,"column":14},"end":{"line":17,"column":58}},"8":{"start":{"line":18,"column":4},"end":{"line":18,"column":66}},"9":{"start":{"line":18,"column":12},"end":{"line":18,"column":66}},"10":{"start":{"line":19,"column":4},"end":{"line":19,"column":16}},"11":{"start":{"line":23,"column":4},"end":{"line":31,"column":5}},"12":{"start":{"line":24,"column":6},"end":{"line":24,"column":101}},"13":{"start":{"line":24,"column":27},"end":{"line":24,"column":101}},"14":{"start":{"line":25,"column":22},"end":{"line":25,"column":75}},"15":{"start":{"line":26,"column":6},"end":{"line":26,"column":36}},"16":{"start":{"line":29,"column":6},"end":{"line":29,"column":101}},"17":{"start":{"line":29,"column":29},"end":{"line":29,"column":101}},"18":{"start":{"line":30,"column":6},"end":{"line":30,"column":65}},"19":{"start":{"line":35,"column":4},"end":{"line":42,"column":5}},"20":{"start":{"line":36,"column":22},"end":{"line":36,"column":91}},"21":{"start":{"line":37,"column":6},"end":{"line":37,"column":74}},"22":{"start":{"line":37,"column":20},"end":{"line":37,"column":74}},"23":{"start":{"line":38,"column":6},"end":{"line":38,"column":24}},"24":{"start":{"line":40,"column":6},"end":{"line":40,"column":101}},"25":{"start":{"line":40,"column":29},"end":{"line":40,"column":101}},"26":{"start":{"line":41,"column":6},"end":{"line":41,"column":65}},"27":{"start":{"line":46,"column":4},"end":{"line":46,"column":48}},"28":{"start":{"line":47,"column":4},"end":{"line":47,"column":27}},"29":{"start":{"line":51,"column":13},"end":{"line":51,"column":59}}},"fnMap":{"0":{"name":"(anonymous_0)","decl":{"start":{"line":7,"column":2},"end":{"line":7,"column":7}},"loc":{"start":{"line":7,"column":40},"end":{"line":13,"column":3}}},"1":{"name":"(anonymous_1)","decl":{"start":{"line":16,"column":2},"end":{"line":16,"column":7}},"loc":{"start":{"line":16,"column":43},"end":{"line":20,"column":3}}},"2":{"name":"(anonymous_2)","decl":{"start":{"line":22,"column":2},"end":{"line":22,"column":7}},"loc":{"start":{"line":22,"column":42},"end":{"line":32,"column":3}}},"3":{"name":"(anonymous_3)","decl":{"start":{"line":34,"column":2},"end":{"line":34,"column":7}},"loc":{"start":{"line":34,"column":42},"end":{"line":43,"column":3}}},"4":{"name":"(anonymous_4)","decl":{"start":{"line":45,"column":2},"end":{"line":45,"column":7}},"loc":{"start":{"line":45,"column":42},"end":{"line":48,"column":3}}}},"branchMap":{"0":{"loc":{"start":{"line":10,"column":4},"end":{"line":10,"column":41}},"type":"if","locations":[{"start":{"line":10,"column":4},"end":{"line":10,"column":41}}]},"1":{"loc":{"start":{"line":18,"column":4},"end":{"line":18,"column":66}},"type":"if","locations":[{"start":{"line":18,"column":4},"end":{"line":18,"column":66}}]},"2":{"loc":{"start":{"line":24,"column":6},"end":{"line":24,"column":101}},"type":"if","locations":[{"start":{"line":24,"column":6},"end":{"line":24,"column":101}}]},"3":{"loc":{"start":{"line":29,"column":6},"end":{"line":29,"column":101}},"type":"if","locations":[{"start":{"line":29,"column":6},"end":{"line":29,"column":101}}]},"4":{"loc":{"start":{"line":37,"column":6},"end":{"line":37,"column":74}},"type":"if","locations":[{"start":{"line":37,"column":6},"end":{"line":37,"column":74}}]},"5":{"loc":{"start":{"line":40,"column":6},"end":{"line":40,"column":101}},"type":"if","locations":[{"start":{"line":40,"column":6},"end":{"line":40,"column":101}}]}},"s":{"0":1,"1":1,"2":1,"3":1,"4":0,"5":1,"6":1,"7":1,"8":1,"9":1,"10":0,"11":1,"12":1,"13":0,"14":1,"15":1,"16":0,"17":0,"18":0,"19":0,"20":0,"21":0,"22":0,"23":0,"24":0,"25":0,"26":0,"27":1,"28":1,"29":1},"f":{"0":1,"1":1,"2":1,"3":0,"4":1},"b":{"0":[0],"1":[1],"2":[0],"3":[0],"4":[0],"5":[0]}}
,"C:\\Users\\Johan\\Desktop\\Compunet 3\\nodejs-velvetroom\\nodejs-velvetroom\\src\\controllers\\product.controller.ts": {"path":"C:\\Users\\Johan\\Desktop\\Compunet 3\\nodejs-velvetroom\\nodejs-velvetroom\\src\\controllers\\product.controller.ts","statementMap":{"0":{"start":{"line":2,"column":0},"end":{"line":2,"column":61}},"1":{"start":{"line":9,"column":38},"end":{"line":9,"column":47}},"2":{"start":{"line":10,"column":24},"end":{"line":10,"column":26}},"3":{"start":{"line":11,"column":4},"end":{"line":11,"column":45}},"4":{"start":{"line":11,"column":18},"end":{"line":11,"column":45}},"5":{"start":{"line":12,"column":4},"end":{"line":12,"column":54}},"6":{"start":{"line":12,"column":21},"end":{"line":12,"column":54}},"7":{"start":{"line":13,"column":4},"end":{"line":13,"column":48}},"8":{"start":{"line":16,"column":51},"end":{"line":16,"column":95}},"9":{"start":{"line":19,"column":14},"end":{"line":19,"column":57}},"10":{"start":{"line":20,"column":4},"end":{"line":20,"column":66}},"11":{"start":{"line":20,"column":12},"end":{"line":20,"column":66}},"12":{"start":{"line":21,"column":4},"end":{"line":21,"column":16}},"13":{"start":{"line":26,"column":21},"end":{"line":26,"column":40}},"14":{"start":{"line":27,"column":4},"end":{"line":31,"column":5}},"15":{"start":{"line":28,"column":6},"end":{"line":30,"column":7}},"16":{"start":{"line":29,"column":8},"end":{"line":29,"column":62}},"17":{"start":{"line":32,"column":20},"end":{"line":32,"column":73}},"18":{"start":{"line":33,"column":4},"end":{"line":33,"column":34}},"19":{"start":{"line":38,"column":20},"end":{"line":38,"column":97}},"20":{"start":{"line":39,"column":4},"end":{"line":39,"column":22}},"21":{"start":{"line":44,"column":4},"end":{"line":44,"column":47}},"22":{"start":{"line":45,"column":4},"end":{"line":45,"column":27}},"23":{"start":{"line":49,"column":13},"end":{"line":49,"column":57}}},"fnMap":{"0":{"name":"(anonymous_0)","decl":{"start":{"line":8,"column":2},"end":{"line":8,"column":7}},"loc":{"start":{"line":8,"column":40},"end":{"line":14,"column":3}}},"1":{"name":"(anonymous_1)","decl":{"start":{"line":16,"column":2},"end":{"line":16,"column":7}},"loc":{"start":{"line":16,"column":47},"end":{"line":16,"column":97}}},"2":{"name":"(anonymous_2)","decl":{"start":{"line":18,"column":2},"end":{"line":18,"column":7}},"loc":{"start":{"line":18,"column":43},"end":{"line":22,"column":3}}},"3":{"name":"(anonymous_3)","decl":{"start":{"line":25,"column":2},"end":{"line":25,"column":7}},"loc":{"start":{"line":25,"column":42},"end":{"line":34,"column":3}}},"4":{"name":"(anonymous_4)","decl":{"start":{"line":37,"column":2},"end":{"line":37,"column":7}},"loc":{"start":{"line":37,"column":42},"end":{"line":40,"column":3}}},"5":{"name":"(anonymous_5)","decl":{"start":{"line":43,"column":2},"end":{"line":43,"column":7}},"loc":{"start":{"line":43,"column":42},"end":{"line":46,"column":3}}}},"branchMap":{"0":{"loc":{"start":{"line":11,"column":4},"end":{"line":11,"column":45}},"type":"if","locations":[{"start":{"line":11,"column":4},"end":{"line":11,"column":45}}]},"1":{"loc":{"start":{"line":12,"column":4},"end":{"line":12,"column":54}},"type":"if","locations":[{"start":{"line":12,"column":4},"end":{"line":12,"column":54}}]},"2":{"loc":{"start":{"line":20,"column":4},"end":{"line":20,"column":66}},"type":"if","locations":[{"start":{"line":20,"column":4},"end":{"line":20,"column":66}}]},"3":{"loc":{"start":{"line":27,"column":4},"end":{"line":31,"column":5}},"type":"if","locations":[{"start":{"line":27,"column":4},"end":{"line":31,"column":5}}]},"4":{"loc":{"start":{"line":28,"column":6},"end":{"line":30,"column":7}},"type":"if","locations":[{"start":{"line":28,"column":6},"end":{"line":30,"column":7}}]},"5":{"loc":{"start":{"line":28,"column":10},"end":{"line":28,"column":85}},"type":"binary-expr","locations":[{"start":{"line":28,"column":10},"end":{"line":28,"column":25}},{"start":{"line":28,"column":29},"end":{"line":28,"column":85}}]}},"s":{"0":1,"1":1,"2":1,"3":1,"4":1,"5":1,"6":1,"7":1,"8":0,"9":1,"10":1,"11":1,"12":0,"13":1,"14":1,"15":1,"16":0,"17":1,"18":1,"19":1,"20":1,"21":1,"22":1,"23":1},"f":{"0":1,"1":0,"2":1,"3":1,"4":1,"5":1},"b":{"0":[1],"1":[1],"2":[1],"3":[1],"4":[0],"5":[1,1]}}
,"C:\\Users\\Johan\\Desktop\\Compunet 3\\nodejs-velvetroom\\nodejs-velvetroom\\src\\controllers\\user.controller.ts": {"path":"C:\\Users\\Johan\\Desktop\\Compunet 3\\nodejs-velvetroom\\nodejs-velvetroom\\src\\controllers\\user.controller.ts","statementMap":{"0":{"start":{"line":2,"column":0},"end":{"line":2,"column":55}},"1":{"start":{"line":8,"column":4},"end":{"line":8,"column":42}},"2":{"start":{"line":12,"column":20},"end":{"line":12,"column":67}},"3":{"start":{"line":13,"column":4},"end":{"line":13,"column":34}},"4":{"start":{"line":16,"column":45},"end":{"line":16,"column":80}},"5":{"start":{"line":18,"column":14},"end":{"line":18,"column":54}},"6":{"start":{"line":19,"column":4},"end":{"line":19,"column":66}},"7":{"start":{"line":19,"column":12},"end":{"line":19,"column":66}},"8":{"start":{"line":20,"column":4},"end":{"line":20,"column":16}},"9":{"start":{"line":24,"column":14},"end":{"line":24,"column":77}},"10":{"start":{"line":25,"column":4},"end":{"line":25,"column":16}},"11":{"start":{"line":29,"column":4},"end":{"line":29,"column":27}},"12":{"start":{"line":33,"column":13},"end":{"line":33,"column":51}}},"fnMap":{"0":{"name":"(anonymous_0)","decl":{"start":{"line":7,"column":2},"end":{"line":7,"column":4}},"loc":{"start":{"line":7,"column":32},"end":{"line":9,"column":3}}},"1":{"name":"(anonymous_1)","decl":{"start":{"line":11,"column":2},"end":{"line":11,"column":7}},"loc":{"start":{"line":11,"column":42},"end":{"line":14,"column":3}}},"2":{"name":"(anonymous_2)","decl":{"start":{"line":16,"column":2},"end":{"line":16,"column":7}},"loc":{"start":{"line":16,"column":41},"end":{"line":16,"column":82}}},"3":{"name":"(anonymous_3)","decl":{"start":{"line":17,"column":2},"end":{"line":17,"column":7}},"loc":{"start":{"line":17,"column":43},"end":{"line":21,"column":3}}},"4":{"name":"(anonymous_4)","decl":{"start":{"line":23,"column":2},"end":{"line":23,"column":7}},"loc":{"start":{"line":23,"column":42},"end":{"line":26,"column":3}}},"5":{"name":"(anonymous_5)","decl":{"start":{"line":28,"column":2},"end":{"line":28,"column":7}},"loc":{"start":{"line":28,"column":43},"end":{"line":30,"column":3}}}},"branchMap":{"0":{"loc":{"start":{"line":19,"column":4},"end":{"line":19,"column":66}},"type":"if","locations":[{"start":{"line":19,"column":4},"end":{"line":19,"column":66}}]}},"s":{"0":0,"1":0,"2":0,"3":0,"4":0,"5":0,"6":0,"7":0,"8":0,"9":0,"10":0,"11":0,"12":0},"f":{"0":0,"1":0,"2":0,"3":0,"4":0,"5":0},"b":{"0":[0]}}
,"C:\\Users\\Johan\\Desktop\\Compunet 3\\nodejs-velvetroom\\nodejs-velvetroom\\src\\middlewares\\auth.middleware.ts": {"path":"C:\\Users\\Johan\\Desktop\\Compunet 3\\nodejs-velvetroom\\nodejs-velvetroom\\src\\middlewares\\auth.middleware.ts","statementMap":{"0":{"start":{"line":4,"column":0},"end":{"line":4,"column":24}},"1":{"start":{"line":2,"column":0},"end":{"line":2,"column":31}},"2":{"start":{"line":5,"column":16},"end":{"line":5,"column":56}},"3":{"start":{"line":6,"column":2},"end":{"line":6,"column":92}},"4":{"start":{"line":6,"column":14},"end":{"line":6,"column":92}},"5":{"start":{"line":8,"column":2},"end":{"line":15,"column":3}},"6":{"start":{"line":9,"column":19},"end":{"line":9,"column":60}},"7":{"start":{"line":10,"column":20},"end":{"line":10,"column":52}},"8":{"start":{"line":11,"column":5},"end":{"line":11,"column":35}},"9":{"start":{"line":12,"column":4},"end":{"line":12,"column":11}},"10":{"start":{"line":14,"column":4},"end":{"line":14,"column":63}}},"fnMap":{"0":{"name":"authMiddleware","decl":{"start":{"line":4,"column":24},"end":{"line":4,"column":38}},"loc":{"start":{"line":4,"column":86},"end":{"line":16,"column":1}}}},"branchMap":{"0":{"loc":{"start":{"line":6,"column":2},"end":{"line":6,"column":92}},"type":"if","locations":[{"start":{"line":6,"column":2},"end":{"line":6,"column":92}}]},"1":{"loc":{"start":{"line":9,"column":19},"end":{"line":9,"column":60}},"type":"binary-expr","locations":[{"start":{"line":9,"column":19},"end":{"line":9,"column":41}},{"start":{"line":9,"column":45},"end":{"line":9,"column":60}}]}},"s":{"0":1,"1":1,"2":3,"3":3,"4":1,"5":2,"6":2,"7":2,"8":1,"9":1,"10":1},"f":{"0":3},"b":{"0":[1],"1":[2,0]}}
,"C:\\Users\\Johan\\Desktop\\Compunet 3\\nodejs-velvetroom\\nodejs-velvetroom\\src\\middlewares\\authorize.middleware.ts": {"path":"C:\\Users\\Johan\\Desktop\\Compunet 3\\nodejs-velvetroom\\nodejs-velvetroom\\src\\middlewares\\authorize.middleware.ts","statementMap":{"0":{"start":{"line":4,"column":25},"end":{"line":11,"column":1}},"1":{"start":{"line":5,"column":2},"end":{"line":10,"column":4}},"2":{"start":{"line":6,"column":26},"end":{"line":6,"column":49}},"3":{"start":{"line":7,"column":4},"end":{"line":7,"column":77}},"4":{"start":{"line":7,"column":18},"end":{"line":7,"column":77}},"5":{"start":{"line":8,"column":4},"end":{"line":8,"column":98}},"6":{"start":{"line":8,"column":44},"end":{"line":8,"column":98}},"7":{"start":{"line":9,"column":4},"end":{"line":9,"column":11}},"8":{"start":{"line":4,"column":13},"end":{"line":4,"column":25}}},"fnMap":{"0":{"name":"(anonymous_0)","decl":{"start":{"line":4,"column":25},"end":{"line":4,"column":26}},"loc":{"start":{"line":4,"column":48},"end":{"line":11,"column":1}}},"1":{"name":"(anonymous_1)","decl":{"start":{"line":5,"column":9},"end":{"line":5,"column":10}},"loc":{"start":{"line":5,"column":61},"end":{"line":10,"column":3}}}},"branchMap":{"0":{"loc":{"start":{"line":7,"column":4},"end":{"line":7,"column":77}},"type":"if","locations":[{"start":{"line":7,"column":4},"end":{"line":7,"column":77}}]},"1":{"loc":{"start":{"line":8,"column":4},"end":{"line":8,"column":98}},"type":"if","locations":[{"start":{"line":8,"column":4},"end":{"line":8,"column":98}}]}},"s":{"0":0,"1":0,"2":0,"3":0,"4":0,"5":0,"6":0,"7":0,"8":0},"f":{"0":0,"1":0},"b":{"0":[0],"1":[0]}}
,"C:\\Users\\Johan\\Desktop\\Compunet 3\\nodejs-velvetroom\\nodejs-velvetroom\\src\\middlewares\\owner-or-admin.middleware.ts": {"path":"C:\\Users\\Johan\\Desktop\\Compunet 3\\nodejs-velvetroom\\nodejs-velvetroom\\src\\middlewares\\owner-or-admin.middleware.ts","statementMap":{"0":{"start":{"line":5,"column":0},"end":{"line":5,"column":7}},"1":{"start":{"line":2,"column":0},"end":{"line":2,"column":55}},"2":{"start":{"line":6,"column":19},"end":{"line":6,"column":38}},"3":{"start":{"line":7,"column":2},"end":{"line":7,"column":55}},"4":{"start":{"line":7,"column":41},"end":{"line":7,"column":55}},"5":{"start":{"line":9,"column":20},"end":{"line":9,"column":34}},"6":{"start":{"line":10,"column":2},"end":{"line":10,"column":98}},"7":{"start":{"line":10,"column":18},"end":{"line":10,"column":98}},"8":{"start":{"line":12,"column":20},"end":{"line":12,"column":33}},"9":{"start":{"line":13,"column":2},"end":{"line":13,"column":85}},"10":{"start":{"line":13,"column":18},"end":{"line":13,"column":85}},"11":{"start":{"line":15,"column":12},"end":{"line":15,"column":57}},"12":{"start":{"line":16,"column":2},"end":{"line":16,"column":64}},"13":{"start":{"line":16,"column":10},"end":{"line":16,"column":64}},"14":{"start":{"line":18,"column":2},"end":{"line":18,"column":115}},"15":{"start":{"line":18,"column":35},"end":{"line":18,"column":115}},"16":{"start":{"line":20,"column":2},"end":{"line":20,"column":9}}},"fnMap":{"0":{"name":"ownerOrAdmin","decl":{"start":{"line":5,"column":22},"end":{"line":5,"column":34}},"loc":{"start":{"line":5,"column":82},"end":{"line":21,"column":1}}}},"branchMap":{"0":{"loc":{"start":{"line":7,"column":2},"end":{"line":7,"column":55}},"type":"if","locations":[{"start":{"line":7,"column":2},"end":{"line":7,"column":55}}]},"1":{"loc":{"start":{"line":10,"column":2},"end":{"line":10,"column":98}},"type":"if","locations":[{"start":{"line":10,"column":2},"end":{"line":10,"column":98}}]},"2":{"loc":{"start":{"line":13,"column":2},"end":{"line":13,"column":85}},"type":"if","locations":[{"start":{"line":13,"column":2},"end":{"line":13,"column":85}}]},"3":{"loc":{"start":{"line":16,"column":2},"end":{"line":16,"column":64}},"type":"if","locations":[{"start":{"line":16,"column":2},"end":{"line":16,"column":64}}]},"4":{"loc":{"start":{"line":18,"column":2},"end":{"line":18,"column":115}},"type":"if","locations":[{"start":{"line":18,"column":2},"end":{"line":18,"column":115}}]}},"s":{"0":1,"1":1,"2":3,"3":3,"4":1,"5":2,"6":2,"7":0,"8":2,"9":2,"10":0,"11":2,"12":2,"13":0,"14":2,"15":1,"16":1},"f":{"0":3},"b":{"0":[1],"1":[0],"2":[0],"3":[0],"4":[1]}}
,"C:\\Users\\Johan\\Desktop\\Compunet 3\\nodejs-velvetroom\\nodejs-velvetroom\\src\\middlewares\\role.middleware.ts": {"path":"C:\\Users\\Johan\\Desktop\\Compunet 3\\nodejs-velvetroom\\nodejs-velvetroom\\src\\middlewares\\role.middleware.ts","statementMap":{"0":{"start":{"line":4,"column":0},"end":{"line":4,"column":16}},"1":{"start":{"line":5,"column":2},"end":{"line":9,"column":4}},"2":{"start":{"line":6,"column":33},"end":{"line":6,"column":65}},"3":{"start":{"line":7,"column":4},"end":{"line":7,"column":130}},"4":{"start":{"line":7,"column":29},"end":{"line":7,"column":46}},"5":{"start":{"line":7,"column":49},"end":{"line":7,"column":130}},"6":{"start":{"line":8,"column":4},"end":{"line":8,"column":11}}},"fnMap":{"0":{"name":"requireRole","decl":{"start":{"line":4,"column":16},"end":{"line":4,"column":27}},"loc":{"start":{"line":4,"column":46},"end":{"line":10,"column":1}}},"1":{"name":"(anonymous_1)","decl":{"start":{"line":5,"column":9},"end":{"line":5,"column":10}},"loc":{"start":{"line":5,"column":61},"end":{"line":9,"column":3}}},"2":{"name":"(anonymous_2)","decl":{"start":{"line":7,"column":24},"end":{"line":7,"column":25}},"loc":{"start":{"line":7,"column":29},"end":{"line":7,"column":46}}}},"branchMap":{"0":{"loc":{"start":{"line":6,"column":33},"end":{"line":6,"column":65}},"type":"binary-expr","locations":[{"start":{"line":6,"column":33},"end":{"line":6,"column":59}},{"start":{"line":6,"column":63},"end":{"line":6,"column":65}}]},"1":{"loc":{"start":{"line":7,"column":4},"end":{"line":7,"column":130}},"type":"if","locations":[{"start":{"line":7,"column":4},"end":{"line":7,"column":130}}]}},"s":{"0":1,"1":3,"2":3,"3":3,"4":2,"5":2,"6":1},"f":{"0":3,"1":3,"2":2},"b":{"0":[3,1],"1":[2]}}
,"C:\\Users\\Johan\\Desktop\\Compunet 3\\nodejs-velvetroom\\nodejs-velvetroom\\src\\middlewares\\validateSchema.middleware.ts": {"path":"C:\\Users\\Johan\\Desktop\\Compunet 3\\nodejs-velvetroom\\nodejs-velvetroom\\src\\middlewares\\validateSchema.middleware.ts","statementMap":{"0":{"start":{"line":5,"column":30},"end":{"line":14,"column":1}},"1":{"start":{"line":6,"column":2},"end":{"line":13,"column":4}},"2":{"start":{"line":7,"column":4},"end":{"line":12,"column":5}},"3":{"start":{"line":8,"column":6},"end":{"line":8,"column":40}},"4":{"start":{"line":9,"column":6},"end":{"line":9,"column":13}},"5":{"start":{"line":11,"column":6},"end":{"line":11,"column":34}},"6":{"start":{"line":5,"column":13},"end":{"line":5,"column":30}}},"fnMap":{"0":{"name":"(anonymous_0)","decl":{"start":{"line":5,"column":30},"end":{"line":5,"column":31}},"loc":{"start":{"line":5,"column":53},"end":{"line":14,"column":1}}},"1":{"name":"(anonymous_1)","decl":{"start":{"line":6,"column":9},"end":{"line":6,"column":14}},"loc":{"start":{"line":6,"column":67},"end":{"line":13,"column":3}}}},"branchMap":{},"s":{"0":0,"1":0,"2":0,"3":0,"4":0,"5":0,"6":0},"f":{"0":0,"1":0},"b":{}}
,"C:\\Users\\Johan\\Desktop\\Compunet 3\\nodejs-velvetroom\\nodejs-velvetroom\\src\\models\\category.model.ts": {"path":"C:\\Users\\Johan\\Desktop\\Compunet 3\\nodejs-velvetroom\\nodejs-velvetroom\\src\\models\\category.model.ts","statementMap":{"0":{"start":{"line":1,"column":0},"end":{"line":1,"column":32}},"1":{"start":{"line":11,"column":23},"end":{"line":15,"column":null}},"2":{"start":{"line":18,"column":13},"end":{"line":18,"column":90}}},"fnMap":{},"branchMap":{},"s":{"0":0,"1":0,"2":0},"f":{},"b":{}}
,"C:\\Users\\Johan\\Desktop\\Compunet 3\\nodejs-velvetroom\\nodejs-velvetroom\\src\\models\\product.model.ts": {"path":"C:\\Users\\Johan\\Desktop\\Compunet 3\\nodejs-velvetroom\\nodejs-velvetroom\\src\\models\\product.model.ts","statementMap":{"0":{"start":{"line":1,"column":0},"end":{"line":1,"column":32}},"1":{"start":{"line":11,"column":22},"end":{"line":21,"column":null}},"2":{"start":{"line":24,"column":13},"end":{"line":24,"column":86}}},"fnMap":{},"branchMap":{},"s":{"0":1,"1":1,"2":1},"f":{},"b":{}}
,"C:\\Users\\Johan\\Desktop\\Compunet 3\\nodejs-velvetroom\\nodejs-velvetroom\\src\\models\\user.model.ts": {"path":"C:\\Users\\Johan\\Desktop\\Compunet 3\\nodejs-velvetroom\\nodejs-velvetroom\\src\\models\\user.model.ts","statementMap":{"0":{"start":{"line":1,"column":0},"end":{"line":1,"column":32}},"1":{"start":{"line":16,"column":19},"end":{"line":24,"column":null}},"2":{"start":{"line":27,"column":13},"end":{"line":27,"column":74}}},"fnMap":{},"branchMap":{},"s":{"0":0,"1":0,"2":0},"f":{},"b":{}}
,"C:\\Users\\Johan\\Desktop\\Compunet 3\\nodejs-velvetroom\\nodejs-velvetroom\\src\\routes\\auth.routes.ts": {"path":"C:\\Users\\Johan\\Desktop\\Compunet 3\\nodejs-velvetroom\\nodejs-velvetroom\\src\\routes\\auth.routes.ts","statementMap":{"0":{"start":{"line":1,"column":0},"end":{"line":1,"column":30}},"1":{"start":{"line":2,"column":0},"end":{"line":2,"column":64}},"2":{"start":{"line":5,"column":13},"end":{"line":5,"column":39}},"3":{"start":{"line":8,"column":0},"end":{"line":8,"column":44}},"4":{"start":{"line":9,"column":0},"end":{"line":9,"column":50}}},"fnMap":{},"branchMap":{},"s":{"0":0,"1":0,"2":0,"3":0,"4":0},"f":{},"b":{}}
,"C:\\Users\\Johan\\Desktop\\Compunet 3\\nodejs-velvetroom\\nodejs-velvetroom\\src\\routes\\category.routes.ts": {"path":"C:\\Users\\Johan\\Desktop\\Compunet 3\\nodejs-velvetroom\\nodejs-velvetroom\\src\\routes\\category.routes.ts","statementMap":{"0":{"start":{"line":1,"column":0},"end":{"line":1,"column":30}},"1":{"start":{"line":2,"column":0},"end":{"line":2,"column":50}},"2":{"start":{"line":3,"column":0},"end":{"line":3,"column":61}},"3":{"start":{"line":4,"column":0},"end":{"line":4,"column":72}},"4":{"start":{"line":6,"column":13},"end":{"line":6,"column":39}},"5":{"start":{"line":9,"column":0},"end":{"line":9,"column":41}},"6":{"start":{"line":10,"column":0},"end":{"line":10,"column":47}},"7":{"start":{"line":13,"column":0},"end":{"line":13,"column":72}},"8":{"start":{"line":14,"column":0},"end":{"line":14,"column":74}},"9":{"start":{"line":15,"column":0},"end":{"line":15,"column":77}}},"fnMap":{},"branchMap":{},"s":{"0":0,"1":0,"2":0,"3":0,"4":0,"5":0,"6":0,"7":0,"8":0,"9":0},"f":{},"b":{}}
,"C:\\Users\\Johan\\Desktop\\Compunet 3\\nodejs-velvetroom\\nodejs-velvetroom\\src\\routes\\product.routes.ts": {"path":"C:\\Users\\Johan\\Desktop\\Compunet 3\\nodejs-velvetroom\\nodejs-velvetroom\\src\\routes\\product.routes.ts","statementMap":{"0":{"start":{"line":1,"column":0},"end":{"line":1,"column":30}},"1":{"start":{"line":2,"column":0},"end":{"line":2,"column":50}},"2":{"start":{"line":3,"column":0},"end":{"line":3,"column":61}},"3":{"start":{"line":4,"column":0},"end":{"line":4,"column":70}},"4":{"start":{"line":5,"column":0},"end":{"line":5,"column":72}},"5":{"start":{"line":8,"column":13},"end":{"line":8,"column":39}},"6":{"start":{"line":11,"column":0},"end":{"line":11,"column":40}},"7":{"start":{"line":12,"column":0},"end":{"line":12,"column":56}},"8":{"start":{"line":13,"column":0},"end":{"line":13,"column":46}},"9":{"start":{"line":16,"column":0},"end":{"line":16,"column":80}},"10":{"start":{"line":17,"column":0},"end":{"line":17,"column":96}},"11":{"start":{"line":18,"column":0},"end":{"line":18,"column":99}}},"fnMap":{},"branchMap":{},"s":{"0":0,"1":0,"2":0,"3":0,"4":0,"5":0,"6":0,"7":0,"8":0,"9":0,"10":0,"11":0},"f":{},"b":{}}
,"C:\\Users\\Johan\\Desktop\\Compunet 3\\nodejs-velvetroom\\nodejs-velvetroom\\src\\routes\\user.routes.ts": {"path":"C:\\Users\\Johan\\Desktop\\Compunet 3\\nodejs-velvetroom\\nodejs-velvetroom\\src\\routes\\user.routes.ts","statementMap":{"0":{"start":{"line":1,"column":0},"end":{"line":1,"column":30}},"1":{"start":{"line":2,"column":0},"end":{"line":2,"column":50}},"2":{"start":{"line":3,"column":0},"end":{"line":3,"column":61}},"3":{"start":{"line":4,"column":0},"end":{"line":4,"column":64}},"4":{"start":{"line":7,"column":13},"end":{"line":7,"column":39}},"5":{"start":{"line":10,"column":0},"end":{"line":10,"column":43}},"6":{"start":{"line":13,"column":0},"end":{"line":13,"column":68}},"7":{"start":{"line":14,"column":0},"end":{"line":14,"column":65}},"8":{"start":{"line":15,"column":0},"end":{"line":15,"column":71}},"9":{"start":{"line":16,"column":0},"end":{"line":16,"column":70}},"10":{"start":{"line":17,"column":0},"end":{"line":17,"column":73}}},"fnMap":{},"branchMap":{},"s":{"0":0,"1":0,"2":0,"3":0,"4":0,"5":0,"6":0,"7":0,"8":0,"9":0,"10":0},"f":{},"b":{}}
,"C:\\Users\\Johan\\Desktop\\Compunet 3\\nodejs-velvetroom\\nodejs-velvetroom\\src\\schemas\\user.schema.ts": {"path":"C:\\Users\\Johan\\Desktop\\Compunet 3\\nodejs-velvetroom\\nodejs-velvetroom\\src\\schemas\\user.schema.ts","statementMap":{"0":{"start":{"line":1,"column":0},"end":{"line":1,"column":24}},"1":{"start":{"line":3,"column":13},"end":{"line":9,"column":3}},"2":{"start":{"line":11,"column":13},"end":{"line":14,"column":3}},"3":{"start":{"line":16,"column":13},"end":{"line":22,"column":3}}},"fnMap":{},"branchMap":{},"s":{"0":0,"1":0,"2":0,"3":0},"f":{},"b":{}}
,"C:\\Users\\Johan\\Desktop\\Compunet 3\\nodejs-velvetroom\\nodejs-velvetroom\\src\\services\\auth.service.ts": {"path":"C:\\Users\\Johan\\Desktop\\Compunet 3\\nodejs-velvetroom\\nodejs-velvetroom\\src\\services\\auth.service.ts","statementMap":{"0":{"start":{"line":1,"column":0},"end":{"line":1,"column":28}},"1":{"start":{"line":2,"column":0},"end":{"line":2,"column":31}},"2":{"start":{"line":4,"column":0},"end":{"line":4,"column":63}},"3":{"start":{"line":7,"column":17},"end":{"line":7,"column":61}},"4":{"start":{"line":7,"column":33},"end":{"line":7,"column":61}},"5":{"start":{"line":13,"column":17},"end":{"line":13,"column":88}},"6":{"start":{"line":16,"column":4},"end":{"line":19,"column":5}},"7":{"start":{"line":17,"column":4},"end":{"line":17,"column":64}},"8":{"start":{"line":18,"column":4},"end":{"line":18,"column":111}},"9":{"start":{"line":18,"column":14},"end":{"line":18,"column":111}},"10":{"start":{"line":21,"column":4},"end":{"line":21,"column":58}},"11":{"start":{"line":21,"column":15},"end":{"line":21,"column":58}},"12":{"start":{"line":23,"column":13},"end":{"line":23,"column":18}},"13":{"start":{"line":24,"column":4},"end":{"line":30,"column":5}},"14":{"start":{"line":25,"column":6},"end":{"line":25,"column":52}},"15":{"start":{"line":26,"column":11},"end":{"line":30,"column":5}},"16":{"start":{"line":27,"column":6},"end":{"line":27,"column":67}},"17":{"start":{"line":28,"column":11},"end":{"line":30,"column":5}},"18":{"start":{"line":29,"column":6},"end":{"line":29,"column":48}},"19":{"start":{"line":31,"column":4},"end":{"line":31,"column":56}},"20":{"start":{"line":31,"column":13},"end":{"line":31,"column":56}},"21":{"start":{"line":33,"column":4},"end":{"line":38,"column":6}},"22":{"start":{"line":42,"column":20},"end":{"line":42,"column":74}},"23":{"start":{"line":44,"column":19},"end":{"line":44,"column":60}},"24":{"start":{"line":45,"column":4},"end":{"line":45,"column":59}},"25":{"start":{"line":10,"column":0},"end":{"line":10,"column":13}},"26":{"start":{"line":49,"column":13},"end":{"line":49,"column":45}}},"fnMap":{"0":{"name":"(anonymous_1)","decl":{"start":{"line":7,"column":17},"end":{"line":7,"column":18}},"loc":{"start":{"line":7,"column":33},"end":{"line":7,"column":61}}},"1":{"name":"(anonymous_2)","decl":{"start":{"line":11,"column":9},"end":{"line":11,"column":14}},"loc":{"start":{"line":11,"column":42},"end":{"line":39,"column":3}}},"2":{"name":"(anonymous_3)","decl":{"start":{"line":41,"column":9},"end":{"line":41,"column":22}},"loc":{"start":{"line":41,"column":41},"end":{"line":46,"column":3}}}},"branchMap":{"0":{"loc":{"start":{"line":7,"column":33},"end":{"line":7,"column":61}},"type":"binary-expr","locations":[{"start":{"line":7,"column":33},"end":{"line":7,"column":36}},{"start":{"line":7,"column":40},"end":{"line":7,"column":61}}]},"1":{"loc":{"start":{"line":16,"column":4},"end":{"line":19,"column":5}},"type":"if","locations":[{"start":{"line":16,"column":4},"end":{"line":19,"column":5}}]},"2":{"loc":{"start":{"line":18,"column":4},"end":{"line":18,"column":111}},"type":"if","locations":[{"start":{"line":18,"column":4},"end":{"line":18,"column":111}}]},"3":{"loc":{"start":{"line":21,"column":4},"end":{"line":21,"column":58}},"type":"if","locations":[{"start":{"line":21,"column":4},"end":{"line":21,"column":58}}]},"4":{"loc":{"start":{"line":24,"column":4},"end":{"line":30,"column":5}},"type":"if","locations":[{"start":{"line":24,"column":4},"end":{"line":30,"column":5}},{"start":{"line":26,"column":11},"end":{"line":30,"column":5}}]},"5":{"loc":{"start":{"line":26,"column":11},"end":{"line":30,"column":5}},"type":"if","locations":[{"start":{"line":26,"column":11},"end":{"line":30,"column":5}},{"start":{"line":28,"column":11},"end":{"line":30,"column":5}}]},"6":{"loc":{"start":{"line":26,"column":15},"end":{"line":26,"column":60}},"type":"binary-expr","locations":[{"start":{"line":26,"column":15},"end":{"line":26,"column":29}},{"start":{"line":26,"column":33},"end":{"line":26,"column":60}}]},"7":{"loc":{"start":{"line":28,"column":11},"end":{"line":30,"column":5}},"type":"if","locations":[{"start":{"line":28,"column":11},"end":{"line":30,"column":5}}]},"8":{"loc":{"start":{"line":31,"column":4},"end":{"line":31,"column":56}},"type":"if","locations":[{"start":{"line":31,"column":4},"end":{"line":31,"column":56}}]},"9":{"loc":{"start":{"line":44,"column":19},"end":{"line":44,"column":60}},"type":"binary-expr","locations":[{"start":{"line":44,"column":19},"end":{"line":44,"column":41}},{"start":{"line":44,"column":45},"end":{"line":44,"column":60}}]}},"s":{"0":1,"1":1,"2":1,"3":1,"4":2,"5":3,"6":3,"7":0,"8":0,"9":0,"10":3,"11":1,"12":2,"13":2,"14":0,"15":2,"16":0,"17":2,"18":2,"19":2,"20":2,"21":0,"22":0,"23":0,"24":0,"25":1,"26":1},"f":{"0":2,"1":3,"2":0},"b":{"0":[2,2],"1":[0],"2":[0],"3":[1],"4":[0,2],"5":[0,2],"6":[2,2],"7":[2],"8":[2],"9":[0,0]}}
,"C:\\Users\\Johan\\Desktop\\Compunet 3\\nodejs-velvetroom\\nodejs-velvetroom\\src\\services\\category.service.ts": {"path":"C:\\Users\\Johan\\Desktop\\Compunet 3\\nodejs-velvetroom\\nodejs-velvetroom\\src\\services\\category.service.ts","statementMap":{"0":{"start":{"line":2,"column":0},"end":{"line":2,"column":57}},"1":{"start":{"line":7,"column":4},"end":{"line":7,"column":56}},"2":{"start":{"line":11,"column":30},"end":{"line":11,"column":64}},"3":{"start":{"line":12,"column":35},"end":{"line":12,"column":74}},"4":{"start":{"line":15,"column":39},"end":{"line":15,"column":74}},"5":{"start":{"line":17,"column":4},"end":{"line":17,"column":68}},"6":{"start":{"line":20,"column":4},"end":{"line":20,"column":46}},"7":{"start":{"line":21,"column":4},"end":{"line":21,"column":16}},"8":{"start":{"line":25,"column":13},"end":{"line":25,"column":53}}},"fnMap":{"0":{"name":"(anonymous_0)","decl":{"start":{"line":6,"column":2},"end":{"line":6,"column":7}},"loc":{"start":{"line":6,"column":29},"end":{"line":8,"column":3}}},"1":{"name":"(anonymous_1)","decl":{"start":{"line":11,"column":2},"end":{"line":11,"column":7}},"loc":{"start":{"line":11,"column":26},"end":{"line":11,"column":66}}},"2":{"name":"(anonymous_2)","decl":{"start":{"line":12,"column":2},"end":{"line":12,"column":7}},"loc":{"start":{"line":12,"column":31},"end":{"line":12,"column":76}}},"3":{"name":"(anonymous_3)","decl":{"start":{"line":15,"column":2},"end":{"line":15,"column":7}},"loc":{"start":{"line":15,"column":35},"end":{"line":15,"column":76}}},"4":{"name":"(anonymous_4)","decl":{"start":{"line":16,"column":2},"end":{"line":16,"column":7}},"loc":{"start":{"line":16,"column":55},"end":{"line":18,"column":3}}},"5":{"name":"(anonymous_5)","decl":{"start":{"line":19,"column":2},"end":{"line":19,"column":7}},"loc":{"start":{"line":19,"column":25},"end":{"line":22,"column":3}}}},"branchMap":{"0":{"loc":{"start":{"line":6,"column":13},"end":{"line":6,"column":29}},"type":"default-arg","locations":[{"start":{"line":6,"column":27},"end":{"line":6,"column":29}}]}},"s":{"0":0,"1":0,"2":0,"3":0,"4":0,"5":0,"6":0,"7":0,"8":0},"f":{"0":0,"1":0,"2":0,"3":0,"4":0,"5":0},"b":{"0":[0]}}
,"C:\\Users\\Johan\\Desktop\\Compunet 3\\nodejs-velvetroom\\nodejs-velvetroom\\src\\services\\product.service.ts": {"path":"C:\\Users\\Johan\\Desktop\\Compunet 3\\nodejs-velvetroom\\nodejs-velvetroom\\src\\services\\product.service.ts","statementMap":{"0":{"start":{"line":2,"column":0},"end":{"line":2,"column":55}},"1":{"start":{"line":6,"column":33},"end":{"line":6,"column":66}},"2":{"start":{"line":8,"column":23},"end":{"line":8,"column":64}},"3":{"start":{"line":10,"column":30},"end":{"line":10,"column":63}},"4":{"start":{"line":13,"column":38},"end":{"line":13,"column":72}},"5":{"start":{"line":14,"column":58},"end":{"line":14,"column":121}},"6":{"start":{"line":15,"column":29},"end":{"line":15,"column":70}},"7":{"start":{"line":15,"column":71},"end":{"line":15,"column":83}},"8":{"start":{"line":17,"column":13},"end":{"line":17,"column":51}}},"fnMap":{"0":{"name":"(anonymous_0)","decl":{"start":{"line":6,"column":2},"end":{"line":6,"column":7}},"loc":{"start":{"line":6,"column":29},"end":{"line":6,"column":68}}},"1":{"name":"(anonymous_1)","decl":{"start":{"line":8,"column":2},"end":{"line":8,"column":7}},"loc":{"start":{"line":8,"column":18},"end":{"line":8,"column":66}}},"2":{"name":"(anonymous_2)","decl":{"start":{"line":10,"column":2},"end":{"line":10,"column":7}},"loc":{"start":{"line":10,"column":26},"end":{"line":10,"column":65}}},"3":{"name":"(anonymous_3)","decl":{"start":{"line":13,"column":2},"end":{"line":13,"column":7}},"loc":{"start":{"line":13,"column":34},"end":{"line":13,"column":74}}},"4":{"name":"(anonymous_4)","decl":{"start":{"line":14,"column":2},"end":{"line":14,"column":7}},"loc":{"start":{"line":14,"column":54},"end":{"line":14,"column":123}}},"5":{"name":"(anonymous_5)","decl":{"start":{"line":15,"column":2},"end":{"line":15,"column":7}},"loc":{"start":{"line":15,"column":25},"end":{"line":15,"column":85}}}},"branchMap":{"0":{"loc":{"start":{"line":6,"column":13},"end":{"line":6,"column":29}},"type":"default-arg","locations":[{"start":{"line":6,"column":27},"end":{"line":6,"column":29}}]}},"s":{"0":1,"1":1,"2":1,"3":0,"4":1,"5":1,"6":1,"7":1,"8":1},"f":{"0":1,"1":1,"2":0,"3":1,"4":1,"5":1},"b":{"0":[0]}}
,"C:\\Users\\Johan\\Desktop\\Compunet 3\\nodejs-velvetroom\\nodejs-velvetroom\\src\\services\\user.service.ts": {"path":"C:\\Users\\Johan\\Desktop\\Compunet 3\\nodejs-velvetroom\\nodejs-velvetroom\\src\\services\\user.service.ts","statementMap":{"0":{"start":{"line":2,"column":0},"end":{"line":2,"column":49}},"1":{"start":{"line":3,"column":0},"end":{"line":3,"column":28}},"2":{"start":{"line":8,"column":23},"end":{"line":8,"column":41}},"3":{"start":{"line":9,"column":4},"end":{"line":11,"column":5}},"4":{"start":{"line":10,"column":6},"end":{"line":10,"column":59}},"5":{"start":{"line":12,"column":4},"end":{"line":12,"column":85}},"6":{"start":{"line":12,"column":23},"end":{"line":12,"column":85}},"7":{"start":{"line":14,"column":4},"end":{"line":20,"column":7}},"8":{"start":{"line":23,"column":17},"end":{"line":23,"column":41}},"9":{"start":{"line":25,"column":30},"end":{"line":25,"column":60}},"10":{"start":{"line":28,"column":26},"end":{"line":28,"column":37}},"11":{"start":{"line":30,"column":4},"end":{"line":33,"column":5}},"12":{"start":{"line":31,"column":6},"end":{"line":31,"column":67}},"13":{"start":{"line":32,"column":6},"end":{"line":32,"column":31}},"14":{"start":{"line":34,"column":4},"end":{"line":34,"column":68}},"15":{"start":{"line":37,"column":29},"end":{"line":37,"column":67}},"16":{"start":{"line":37,"column":68},"end":{"line":37,"column":80}},"17":{"start":{"line":40,"column":13},"end":{"line":40,"column":45}}},"fnMap":{"0":{"name":"(anonymous_1)","decl":{"start":{"line":7,"column":2},"end":{"line":7,"column":7}},"loc":{"start":{"line":7,"column":31},"end":{"line":21,"column":3}}},"1":{"name":"(anonymous_2)","decl":{"start":{"line":23,"column":2},"end":{"line":23,"column":7}},"loc":{"start":{"line":23,"column":12},"end":{"line":23,"column":43}}},"2":{"name":"(anonymous_3)","decl":{"start":{"line":25,"column":2},"end":{"line":25,"column":7}},"loc":{"start":{"line":25,"column":26},"end":{"line":25,"column":62}}},"3":{"name":"(anonymous_4)","decl":{"start":{"line":27,"column":2},"end":{"line":27,"column":7}},"loc":{"start":{"line":27,"column":43},"end":{"line":35,"column":3}}},"4":{"name":"(anonymous_5)","decl":{"start":{"line":37,"column":2},"end":{"line":37,"column":7}},"loc":{"start":{"line":37,"column":25},"end":{"line":37,"column":82}}}},"branchMap":{"0":{"loc":{"start":{"line":9,"column":4},"end":{"line":11,"column":5}},"type":"if","locations":[{"start":{"line":9,"column":4},"end":{"line":11,"column":5}}]},"1":{"loc":{"start":{"line":12,"column":4},"end":{"line":12,"column":85}},"type":"if","locations":[{"start":{"line":12,"column":4},"end":{"line":12,"column":85}}]},"2":{"loc":{"start":{"line":18,"column":12},"end":{"line":18,"column":34}},"type":"binary-expr","locations":[{"start":{"line":18,"column":12},"end":{"line":18,"column":22}},{"start":{"line":18,"column":26},"end":{"line":18,"column":34}}]},"3":{"loc":{"start":{"line":30,"column":4},"end":{"line":33,"column":5}},"type":"if","locations":[{"start":{"line":30,"column":4},"end":{"line":33,"column":5}}]}},"s":{"0":0,"1":0,"2":0,"3":0,"4":0,"5":0,"6":0,"7":0,"8":0,"9":0,"10":0,"11":0,"12":0,"13":0,"14":0,"15":0,"16":0,"17":0},"f":{"0":0,"1":0,"2":0,"3":0,"4":0},"b":{"0":[0],"1":[0],"2":[0,0],"3":[0]}}
}
