TN:
SF:src\controllers\auth.controller.ts
FN:8,(anonymous_1)
FN:19,(anonymous_2)
FNF:2
FNH:1
FNDA:3,(anonymous_1)
FNDA:0,(anonymous_2)
DA:2,1
DA:4,1
DA:5,1
DA:9,3
DA:10,3
DA:11,1
DA:13,2
DA:14,1
DA:20,0
DA:21,0
DA:23,0
DA:24,0
DA:26,0
DA:27,0
DA:29,0
DA:33,0
DA:40,0
DA:42,0
DA:46,1
LF:19
LH:9
BRDA:13,0,0,1
BRDA:23,1,0,0
BRDA:23,2,0,0
BRDA:23,2,1,0
BRDA:24,3,0,0
BRDA:24,4,0,0
BRDA:24,4,1,0
BRDA:27,5,0,0
BRDA:29,6,0,0
BRDA:29,6,1,0
BRF:10
BRH:1
end_of_record
TN:
SF:src\controllers\product.controller.ts
FN:8,(anonymous_0)
FN:16,(anonymous_1)
FN:18,(anonymous_2)
FN:25,(anonymous_3)
FN:37,(anonymous_4)
FN:43,(anonymous_5)
FNF:6
FNH:5
FNDA:1,(anonymous_0)
FNDA:0,(anonymous_1)
FNDA:1,(anonymous_2)
FNDA:1,(anonymous_3)
FNDA:1,(anonymous_4)
FNDA:1,(anonymous_5)
DA:2,1
DA:9,1
DA:10,1
DA:11,1
DA:12,1
DA:13,1
DA:16,0
DA:19,1
DA:20,1
DA:21,0
DA:26,1
DA:27,1
DA:28,1
DA:29,0
DA:32,1
DA:33,1
DA:38,1
DA:39,1
DA:44,1
DA:45,1
DA:49,1
LF:21
LH:18
BRDA:11,0,0,1
BRDA:12,1,0,1
BRDA:20,2,0,1
BRDA:27,3,0,1
BRDA:28,4,0,0
BRDA:28,5,0,1
BRDA:28,5,1,1
BRF:7
BRH:6
end_of_record
TN:
SF:src\middlewares\auth.middleware.ts
FN:4,authMiddleware
FNF:1
FNH:1
FNDA:3,authMiddleware
DA:2,1
DA:4,1
DA:5,3
DA:6,3
DA:8,2
DA:9,2
DA:10,2
DA:11,1
DA:12,1
DA:14,1
LF:10
LH:10
BRDA:6,0,0,1
BRDA:9,1,0,2
BRDA:9,1,1,2
BRF:3
BRH:3
end_of_record
TN:
SF:src\middlewares\authorize.middleware.ts
FN:4,(anonymous_0)
FN:5,(anonymous_1)
FNF:2
FNH:2
FNDA:3,(anonymous_0)
FNDA:3,(anonymous_1)
DA:4,1
DA:5,3
DA:6,3
DA:7,3
DA:8,2
DA:9,1
LF:6
LH:6
BRDA:7,0,0,1
BRDA:8,1,0,1
BRF:2
BRH:2
end_of_record
TN:
SF:src\middlewares\owner-or-admin.middleware.ts
FN:5,ownerOrAdmin
FNF:1
FNH:1
FNDA:3,ownerOrAdmin
DA:2,1
DA:5,1
DA:6,3
DA:7,3
DA:9,2
DA:10,2
DA:12,2
DA:13,2
DA:15,2
DA:16,2
DA:18,2
DA:20,1
LF:12
LH:12
BRDA:7,0,0,1
BRDA:10,1,0,0
BRDA:13,2,0,0
BRDA:16,3,0,0
BRDA:18,4,0,1
BRF:5
BRH:2
end_of_record
TN:
SF:src\middlewares\role.middleware.ts
FN:4,requireRole
FN:5,(anonymous_1)
FN:7,(anonymous_2)
FNF:3
FNH:3
FNDA:3,requireRole
FNDA:3,(anonymous_1)
FNDA:2,(anonymous_2)
DA:4,1
DA:5,3
DA:6,3
DA:7,3
DA:8,1
LF:5
LH:5
BRDA:6,0,0,3
BRDA:6,0,1,1
BRDA:7,1,0,2
BRF:3
BRH:3
end_of_record
TN:
SF:src\middlewares\validateSchema.middleware.ts
FN:5,(anonymous_0)
FN:6,(anonymous_1)
FNF:2
FNH:2
FNDA:2,(anonymous_0)
FNDA:2,(anonymous_1)
DA:5,1
DA:6,2
DA:7,2
DA:8,2
DA:9,1
DA:11,1
LF:6
LH:6
BRF:0
BRH:0
end_of_record
TN:
SF:src\models\category.model.ts
FNF:0
FNH:0
DA:1,1
DA:11,1
DA:18,1
LF:3
LH:3
BRF:0
BRH:0
end_of_record
TN:
SF:src\models\product.model.ts
FNF:0
FNH:0
DA:1,1
DA:11,1
DA:24,1
LF:3
LH:3
BRF:0
BRH:0
end_of_record
TN:
SF:src\models\user.model.ts
FNF:0
FNH:0
DA:1,1
DA:16,1
DA:27,1
LF:3
LH:3
BRF:0
BRH:0
end_of_record
TN:
SF:src\services\auth.service.ts
FN:7,(anonymous_1)
FN:11,(anonymous_2)
FN:41,(anonymous_3)
FNF:3
FNH:3
FNDA:4,(anonymous_1)
FNDA:5,(anonymous_2)
FNDA:2,(anonymous_3)
DA:1,2
DA:2,2
DA:4,2
DA:7,4
DA:10,2
DA:13,5
DA:16,5
DA:17,0
DA:18,0
DA:21,5
DA:23,4
DA:24,4
DA:25,0
DA:26,4
DA:27,2
DA:28,2
DA:29,2
DA:31,4
DA:33,2
DA:42,2
DA:44,2
DA:45,2
DA:49,2
LF:23
LH:20
BRDA:7,0,0,4
BRDA:7,0,1,4
BRDA:16,1,0,0
BRDA:18,2,0,0
BRDA:21,3,0,1
BRDA:24,4,0,0
BRDA:24,4,1,4
BRDA:26,5,0,2
BRDA:26,5,1,2
BRDA:26,6,0,4
BRDA:26,6,1,4
BRDA:28,7,0,2
BRDA:31,8,0,2
BRDA:44,9,0,2
BRDA:44,9,1,2
BRF:15
BRH:12
end_of_record
TN:
SF:src\services\category.service.ts
FN:6,(anonymous_0)
FN:11,(anonymous_1)
FN:12,(anonymous_2)
FN:15,(anonymous_3)
FN:16,(anonymous_4)
FN:19,(anonymous_5)
FNF:6
FNH:6
FNDA:1,(anonymous_0)
FNDA:1,(anonymous_1)
FNDA:1,(anonymous_2)
FNDA:1,(anonymous_3)
FNDA:1,(anonymous_4)
FNDA:1,(anonymous_5)
DA:2,1
DA:7,1
DA:11,1
DA:12,1
DA:15,1
DA:17,1
DA:20,1
DA:21,1
DA:25,1
LF:9
LH:9
BRDA:6,0,0,0
BRF:1
BRH:0
end_of_record
TN:
SF:src\services\product.service.ts
FN:6,(anonymous_0)
FN:8,(anonymous_1)
FN:10,(anonymous_2)
FN:13,(anonymous_3)
FN:14,(anonymous_4)
FN:15,(anonymous_5)
FNF:6
FNH:5
FNDA:1,(anonymous_0)
FNDA:1,(anonymous_1)
FNDA:0,(anonymous_2)
FNDA:1,(anonymous_3)
FNDA:1,(anonymous_4)
FNDA:1,(anonymous_5)
DA:2,1
DA:6,1
DA:8,1
DA:10,0
DA:13,1
DA:14,1
DA:15,1
DA:17,1
LF:8
LH:7
BRDA:6,0,0,0
BRF:1
BRH:0
end_of_record
TN:
SF:src\services\user.service.ts
FN:7,(anonymous_1)
FN:23,(anonymous_2)
FN:25,(anonymous_3)
FN:27,(anonymous_4)
FN:37,(anonymous_5)
FNF:5
FNH:3
FNDA:1,(anonymous_1)
FNDA:0,(anonymous_2)
FNDA:0,(anonymous_3)
FNDA:1,(anonymous_4)
FNDA:1,(anonymous_5)
DA:2,1
DA:3,1
DA:8,1
DA:9,1
DA:10,1
DA:12,1
DA:14,1
DA:23,0
DA:25,0
DA:28,1
DA:30,1
DA:31,1
DA:32,1
DA:34,1
DA:37,1
DA:40,1
LF:16
LH:14
BRDA:9,0,0,1
BRDA:12,1,0,0
BRDA:18,2,0,1
BRDA:18,2,1,1
BRDA:30,3,0,1
BRF:5
BRH:4
end_of_record
